\BOOKMARK [1][-]{section.1}{Introduction}{}% 1
\BOOKMARK [1][-]{section.2}{Lévy Process}{}% 2
\BOOKMARK [1][-]{section.3}{H\040Matrix}{}% 3
\BOOKMARK [2][-]{subsection.3.1}{Construction\040and\040Storage}{section.3}% 4
\BOOKMARK [2][-]{subsection.3.2}{Matrix\040Vector\040Multiplication}{section.3}% 5
\BOOKMARK [2][-]{subsection.3.3}{LU\040Decomposition}{section.3}% 6
\BOOKMARK [1][-]{section.4}{Crank\040Nicolson\040Scheme\040Based\040on\040H-matrix}{}% 7
\BOOKMARK [2][-]{subsection.4.1}{Model\040Problem}{section.4}% 8
\BOOKMARK [2][-]{subsection.4.2}{Numerical\040Scheme}{section.4}% 9
\BOOKMARK [2][-]{subsection.4.3}{H-matrix\040Construction}{section.4}% 10
\BOOKMARK [2][-]{subsection.4.4}{Error\040Analysis}{section.4}% 11
\BOOKMARK [3][-]{subsubsection.4.4.1}{Stability}{subsection.4.4}% 12
\BOOKMARK [3][-]{subsubsection.4.4.2}{Consistency}{subsection.4.4}% 13
\BOOKMARK [3][-]{subsubsection.4.4.3}{Convergence}{subsection.4.4}% 14
\BOOKMARK [1][-]{section.5}{Singular and Slow Decaying Lévy Measure}{}% 15
\BOOKMARK [1][-]{section.6}{Applications}{}% 16
\BOOKMARK [2][-]{subsection.6.1}{Option\040Pricing}{section.6}% 17
\BOOKMARK [2][-]{subsection.6.2}{Quantum\040Mechanics}{section.6}% 18
\BOOKMARK [2][-]{subsection.6.3}{Turbulence\040Flow}{section.6}% 19
\BOOKMARK [1][-]{section.7}{Numerical\040Examples}{}% 20
\BOOKMARK [2][-]{subsection.7.1}{Efficiency\040of\040H-Matrix:\0401D\040Case}{section.7}% 21
\BOOKMARK [2][-]{subsection.7.2}{Efficiency\040of\040H-Matrix:\0402D\040Case}{section.7}% 22
\BOOKMARK [2][-]{subsection.7.3}{Convection Diffusion Equation Driven by the Lévy Process}{section.7}% 23
\BOOKMARK [2][-]{subsection.7.4}{Singular and Slow Decaying Lévy Measure}{section.7}% 24
\BOOKMARK [1][-]{section.8}{Conclusion}{}% 25
